ModuloPrincipal.pas Note: Changed encoding from ISO-8859-1 to UTF-8
ModuloPrincipal.pas Note: Changed encoding from ISO-8859-1 to UTF-8
ModuloPrincipal.pas(516,36) Note: Fixed character case of unit "transferenciainterno" to "TransferenciaInterno".
ModuloPrincipal.pas Note: Replaced unit "Mask" with "MaskEdit" in uses section.
ModuloPrincipal.pas Note: Replaced unit "SqlExpr" with "sqldb" in uses section.
ModuloPrincipal.pas Note: Removed unit "jpeg" from uses section.
ModuloPrincipal.pas Note: Replaced unit "Windows" with "LCLIntf, LCLType, LMessages" in uses section.
ModuloPrincipal.pas(1,22) Note: Added MODE Delphi syntax modifier after unit name.
ModuloPrincipal.pas Note: Removed property "SQLConnection".
ModuloPrincipal.pas Note: Removed property "MaxBlobSize".
ModuloPrincipal.pas Note: Removed property "SQLConnection".
ModuloPrincipal.pas Note: Removed property "MaxBlobSize".
ModuloPrincipal.pas Note: Removed property "SQLConnection".
ModuloPrincipal.pas Note: Removed property "MaxBlobSize".
ModuloPrincipal.pas Note: Removed property "Lookup".
ModuloPrincipal.pas Note: Removed property "Lookup".
ModuloPrincipal.pas Note: Removed property "Lookup".
ModuloPrincipal.pas Note: Removed property "Lookup".
ModuloPrincipal.pas Note: Removed property "SQLConnection".
ModuloPrincipal.pas Note: Removed property "MaxBlobSize".
ModuloPrincipal.pas Note: Removed property "SQLConnection".
ModuloPrincipal.pas Note: Removed property "MaxBlobSize".
ModuloPrincipal.pas Note: Added missing object "WebCam1:TMenuItem" to pascal source.
ModuloPrincipal.pas Note: Removed property "TabOrder".
ModuloPrincipal.pas Note: Removed property "Style".
ModuloPrincipal.pas Note: Removed property "Style".
ModuloPrincipal.pas Note: Removed property "Style".
ModuloPrincipal.pas Note: Removed property "Style".
ModuloPrincipal.pas Note: Removed property "Style".
ModuloPrincipal.pas Note: Removed property "Style".
ModuloPrincipal.pas Note: Removed property "Style".
ModuloPrincipal.pas Note: Removed property "Style".
ModuloPrincipal.pas Note: Removed property "Style".
ModuloPrincipal.pas Note: Removed property "Style".
ModuloPrincipal.pas Note: Removed property "Style".
ModuloPrincipal.pas Note: Removed property "Style".
ModuloPrincipal.pas Note: Removed property "Style".
ModuloPrincipal.pas Note: Removed property "Style".
ModuloPrincipal.pas Note: Removed property "Style".
ModuloPrincipal.pas Note: Removed property "WordWrap".
ModuloPrincipal.pas Note: Removed property "Style".
ModuloPrincipal.pas Note: Removed property "WordWrap".
ModuloPrincipal.pas Note: Removed property "WordWrap".
ModuloPrincipal.pas Note: Removed property "TextHeight".
ModuloPrincipal.pas Note: Removed property "OldCreateOrder".
ModuloPrincipal.pas Note: Added unit "DateTimePicker" to uses section.
ModuloPrincipal.pas Note: Added unit "DateTimePicker" to uses section.
ModuloPrincipal.pas Note: Added unit "DateTimePicker" to uses section.
ModuloPrincipal.pas Note: Added unit "DateTimePicker" to uses section.
ModuloPrincipal.pas Note: Added unit "DateTimePicker" to uses section.
ModuloPrincipal.pas Note: Added unit "DateTimePicker" to uses section.
ModuloPrincipal.pas Note: Added unit "DateTimePicker" to uses section.
ModuloPrincipal.pas Note: Added unit "DateTimePicker" to uses section.
ModuloPrincipal.pas Note: Added unit "DateTimePicker" to uses section.
ModuloPrincipal.pas Note: Added unit "DateTimePicker" to uses section.
ModuloPrincipal.pas Note: Added unit "DateTimePicker" to uses section.
ModuloPrincipal.pas Note: Added unit "DateTimePicker" to uses section.
ModuloPrincipal.pas Note: Added unit "DateTimePicker" to uses section.
ModuloPrincipal.pas Note: Added unit "DateTimePicker" to uses section.
ModuloPrincipal.pas Note: Added unit "DateTimePicker" to uses section.
ModuloPrincipal.pas Note: Added unit "DateTimePicker" to uses section.
ModuloPrincipal.pas Note: Added unit "DateTimePicker" to uses section.
ModuloPrincipal.pas Note: Added unit "DateTimePicker" to uses section.
ModuloPrincipal.pas Note: Added unit "DateTimePicker" to uses section.
ModuloPrincipal.pas Note: Added unit "DateTimePicker" to uses section.
ModuloPrincipal.pas Note: Added unit "DateTimePicker" to uses section.
ModuloPrincipal.pas Note: Added unit "DateTimePicker" to uses section.
ModuloPrincipal.pas Note: Added unit "DateTimePicker" to uses section.
ModuloPrincipal.pas Note: Added unit "DateTimePicker" to uses section.
ModuloPrincipal.pas Note: Added unit "DateTimePicker" to uses section.
 Error: Error="Problems when repairing form file /home/helliton/Documentos/Siapen/siapen/ModuloPrincipal/ModuloPrincipal.lfm"
 Fatal: Conversion Aborted.
